2021-11-07 00:19:36,104 - instabot version: 0.117.0 (bot) - INFO - Instabot version: 0.117.0 Started
2021-11-07 00:19:36,104 - instabot version: 0.117.0 (bot) - DEBUG - Bot imported from C:\Users\Artem\PycharmProjects\tgbot\venv\lib\site-packages\instabot\bot\bot.py
2021-11-07 00:19:36,105 - instabot version: 0.117.0 (api_login) - INFO - Not yet logged in starting: PRE-LOGIN FLOW!
2021-11-07 00:19:36,442 - instabot version: 0.117.0 (api) - DEBUG - POST to endpoint: accounts/get_prefill_candidates/ returned response: <Response [200]>
2021-11-07 00:19:36,742 - instabot version: 0.117.0 (api) - DEBUG - POST to endpoint: qe/sync/ returned response: <Response [200]>
2021-11-07 00:19:37,053 - instabot version: 0.117.0 (api) - DEBUG - POST to endpoint: launcher/sync/ returned response: <Response [200]>
2021-11-07 00:19:37,384 - instabot version: 0.117.0 (api) - DEBUG - POST to endpoint: accounts/contact_point_prefill/ returned response: <Response [200]>
2021-11-07 00:19:38,914 - instabot version: 0.117.0 (api) - DEBUG - POST to endpoint: accounts/login/ returned response: <Response [200]>
2021-11-07 00:19:38,914 - instabot version: 0.117.0 (api) - INFO - Logged-in successfully as 'zz_hub'!
2021-11-07 00:19:38,915 - instabot version: 0.117.0 (api_login) - INFO - LOGIN FLOW! Just logged-in: True
2021-11-07 00:19:39,222 - instabot version: 0.117.0 (api) - DEBUG - POST to endpoint: qe/sync/ returned response: <Response [200]>
2021-11-07 00:19:39,536 - instabot version: 0.117.0 (api) - DEBUG - POST to endpoint: launcher/sync/ returned response: <Response [200]>
2021-11-07 00:19:39,785 - instabot version: 0.117.0 (api) - DEBUG - GET to endpoint: zr/token/result/?device_id=android-3dc9cc6283624f92&token_hash=&custom_device_id=android-3dc9cc6283624f92&fetch_reason=token_expired returned response: <Response [200]>
2021-11-07 00:19:40,052 - instabot version: 0.117.0 (api) - DEBUG - GET to endpoint: multiple_accounts/get_account_family/ returned response: <Response [200]>
2021-11-07 00:19:40,345 - instabot version: 0.117.0 (api) - DEBUG - POST to endpoint: qe/sync/ returned response: <Response [200]>
2021-11-07 00:19:41,062 - instabot version: 0.117.0 (api) - DEBUG - GET to endpoint: igtv/browse_feed/?prefetch=1 returned response: <Response [200]>
2021-11-07 00:19:41,352 - instabot version: 0.117.0 (api) - DEBUG - POST to endpoint: creatives/ar_class/ returned response: <Response [200]>
2021-11-07 00:19:41,988 - instabot version: 0.117.0 (api) - DEBUG - POST to endpoint: feed/reels_tray/ returned response: <Response [200]>
2021-11-07 00:19:44,307 - instabot version: 0.117.0 (api) - DEBUG - POST to endpoint: feed/timeline/ returned response: <Response [200]>
2021-11-07 00:19:44,555 - instabot version: 0.117.0 (api) - DEBUG - GET to endpoint: media/blocked/ returned response: <Response [200]>
2021-11-07 00:19:45,359 - instabot version: 0.117.0 (api) - DEBUG - GET to endpoint: news/inbox/ returned response: <Response [200]>
2021-11-07 00:19:45,655 - instabot version: 0.117.0 (api) - DEBUG - GET to endpoint: loom/fetch_config/ returned response: <Response [200]>
2021-11-07 00:19:46,147 - instabot version: 0.117.0 (api) - DEBUG - GET to endpoint: scores/bootstrap/users/?surfaces=["autocomplete_user_list","coefficient_besties_list_ranking","coefficient_rank_recipient_user_suggestion","coefficient_ios_section_test_bootstrap_ranking","coefficient_direct_recipients_ranking_variant_2"] returned response: <Response [200]>
2021-11-07 00:19:46,451 - instabot version: 0.117.0 (api) - DEBUG - GET to endpoint: business/eligibility/get_monetization_products_eligibility_data/?product_types=branded_content returned response: <Response [200]>
2021-11-07 00:19:46,711 - instabot version: 0.117.0 (api) - DEBUG - GET to endpoint: business/branded_content/should_require_professional_account/ returned response: <Response [200]>
2021-11-07 00:19:46,957 - instabot version: 0.117.0 (api) - DEBUG - GET to endpoint: linked_accounts/get_linkage_status/ returned response: <Response [200]>
2021-11-07 00:19:47,266 - instabot version: 0.117.0 (api) - DEBUG - GET to endpoint: locations/request_country/ returned response: <Response [200]>
2021-11-07 00:19:47,529 - instabot version: 0.117.0 (api) - DEBUG - GET to endpoint: qp/get_cooldowns/?signed_body=signed_body=4b9c516a5410a3bc128e09c6104a7f042146b9c2023870560c63a43a7f66781c.4&ig_sig_key_version=4&ig_sig_key_version=4 returned response: <Response [200]>
2021-11-07 00:19:47,821 - instabot version: 0.117.0 (api) - DEBUG - GET to endpoint: users/arlink_download_info/?version_override=2.2.1 returned response: <Response [200]>
2021-11-07 00:19:48,240 - instabot version: 0.117.0 (api) - DEBUG - GET to endpoint: users/48410092897/info/ returned response: <Response [200]>
2021-11-07 00:19:48,861 - instabot version: 0.117.0 (api) - DEBUG - GET to endpoint: direct_v2/get_presence/ returned response: <Response [200]>
2021-11-07 00:19:49,439 - instabot version: 0.117.0 (api) - DEBUG - GET to endpoint: direct_v2/inbox/?visual_message_return_type=unseen&thread_message_limit=10&persistentBadging=true&limit=20 returned response: <Response [200]>
2021-11-07 00:19:49,832 - instabot version: 0.117.0 (api) - DEBUG - GET to endpoint: direct_v2/inbox/?visual_message_return_type=unseen&persistentBadging=true&limit=0 returned response: <Response [200]>
2021-11-07 00:19:50,270 - instabot version: 0.117.0 (api) - DEBUG - GET to endpoint: discover/topical_explore/?is_prefetch=true&omit_cover_media=true&use_sectional_payload=true&timezone_offset=0&session_id=5ada68bf-9209-4ab1-ac5d-8a3bf2a239e3&include_fixed_destinations=true returned response: <Response [200]>
2021-11-07 00:19:50,702 - instabot version: 0.117.0 (api) - DEBUG - POST to endpoint: notifications/badge/ returned response: <Response [200]>
2021-11-07 00:19:51,242 - instabot version: 0.117.0 (api) - DEBUG - POST to endpoint: qp/batch_fetch/ returned response: <Response [200]>
2021-11-07 00:19:51,247 - instabot version: 0.117.0 (bot_checkpoint) - DEBUG - Loading Checkpoint file from: C:\Users\Artem\PycharmProjects\tgbot/config/zz_hub.checkpoint
2021-11-07 00:19:51,884 - instabot version: 0.117.0 (api) - DEBUG - GET to endpoint: media/2701039968284300566/info/ returned response: <Response [200]>
2021-11-07 00:20:09,593 - instabot version: 0.117.0 (bot_checkpoint) - DEBUG - Saving Checkpoint file to: C:\Users\Artem\PycharmProjects\tgbot/config/zz_hub.checkpoint
2021-11-07 00:20:09,594 - instabot version: 0.117.0 (bot) - INFO - Total requests: 35
